07:01:01.953 [DEBUG] [org.gradle.launcher.daemon.bootstrap.DaemonMain] Assuming the daemon was started with following jvm opts: [-XX:MaxPermSize=256m, -XX:+HeapDumpOnOutOfMemoryError, -Xmx1024m, -Dfile.encoding=UTF-8, -Duser.country, -Duser.language=en, -Duser.variant]
07:01:02.064 [INFO] [org.gradle.launcher.daemon.server.health.gc.GarbageCollectionMonitor] Unable to determine a garbage collection monitoring strategy for JVMStrategy{Oracle Corporation version 1.8.0_121}
07:01:02.374 [INFO] [org.gradle.launcher.daemon.server.Daemon] start() called on daemon - DefaultDaemonContext[uid=f04a3ad0-1e97-4999-9b51-4ae34f7e173f,javaHome=/usr/lib/jvm/java-8-openjdk-amd64,daemonRegistryDir=/var/jenkins_home/workspace/Jpet(maven)/daemon,pid=1485,idleTimeout=10800000,daemonOpts=-XX:MaxPermSize=256m,-XX:+HeapDumpOnOutOfMemoryError,-Xmx1024m,-Dfile.encoding=UTF-8,-Duser.country,-Duser.language=en,-Duser.variant]
07:01:02.490 [DEBUG] [org.gradle.internal.remote.internal.inet.InetAddresses] Adding IP addresses for network interface eth0
07:01:02.492 [DEBUG] [org.gradle.internal.remote.internal.inet.InetAddresses] Is this a loopback interface? false
07:01:02.495 [DEBUG] [org.gradle.internal.remote.internal.inet.InetAddresses] Is this a multicast interface? true
07:01:02.497 [DEBUG] [org.gradle.internal.remote.internal.inet.InetAddresses] Adding remote address /fe80:0:0:0:42:acff:fe11:2%eth0
07:01:02.503 [DEBUG] [org.gradle.internal.remote.internal.inet.InetAddresses] Adding remote address /172.17.0.2
07:01:02.507 [DEBUG] [org.gradle.internal.remote.internal.inet.InetAddresses] Adding remote multicast interface eth0
07:01:02.508 [DEBUG] [org.gradle.internal.remote.internal.inet.InetAddresses] Adding IP addresses for network interface lo
07:01:02.509 [DEBUG] [org.gradle.internal.remote.internal.inet.InetAddresses] Is this a loopback interface? true
07:01:02.512 [DEBUG] [org.gradle.internal.remote.internal.inet.InetAddresses] Is this a multicast interface? false
07:01:02.513 [DEBUG] [org.gradle.internal.remote.internal.inet.InetAddresses] Adding loopback address /0:0:0:0:0:0:0:1%lo
07:01:02.520 [DEBUG] [org.gradle.internal.remote.internal.inet.InetAddresses] Adding loopback address /127.0.0.1
07:01:02.526 [DEBUG] [org.gradle.internal.remote.internal.inet.TcpIncomingConnector] Listening on [3e335cbb-3a4e-41ef-b9d2-9232094d811e port:34557, addresses:[/0:0:0:0:0:0:0:1%lo, /127.0.0.1]].
07:01:02.539 [DEBUG] [org.gradle.launcher.daemon.server.Daemon] Daemon starting at: Mon Mar 27 07:01:02 UTC 2017, with address: [3e335cbb-3a4e-41ef-b9d2-9232094d811e port:34557, addresses:[/0:0:0:0:0:0:0:1%lo, /127.0.0.1]]
07:01:02.542 [INFO] [org.gradle.launcher.daemon.server.DaemonRegistryUpdater] Advertising the daemon address to the clients: [3e335cbb-3a4e-41ef-b9d2-9232094d811e port:34557, addresses:[/0:0:0:0:0:0:0:1%lo, /127.0.0.1]]
07:01:02.551 [DEBUG] [org.gradle.launcher.daemon.server.DaemonRegistryUpdater] Advertised daemon context: DefaultDaemonContext[uid=f04a3ad0-1e97-4999-9b51-4ae34f7e173f,javaHome=/usr/lib/jvm/java-8-openjdk-amd64,daemonRegistryDir=/var/jenkins_home/workspace/Jpet(maven)/daemon,pid=1485,idleTimeout=10800000,daemonOpts=-XX:MaxPermSize=256m,-XX:+HeapDumpOnOutOfMemoryError,-Xmx1024m,-Dfile.encoding=UTF-8,-Duser.country,-Duser.language=en,-Duser.variant]
07:01:02.554 [DEBUG] [org.gradle.launcher.daemon.registry.PersistentDaemonRegistry] Storing daemon address: [3e335cbb-3a4e-41ef-b9d2-9232094d811e port:34557, addresses:[/0:0:0:0:0:0:0:1%lo, /127.0.0.1]], context: DefaultDaemonContext[uid=f04a3ad0-1e97-4999-9b51-4ae34f7e173f,javaHome=/usr/lib/jvm/java-8-openjdk-amd64,daemonRegistryDir=/var/jenkins_home/workspace/Jpet(maven)/daemon,pid=1485,idleTimeout=10800000,daemonOpts=-XX:MaxPermSize=256m,-XX:+HeapDumpOnOutOfMemoryError,-Xmx1024m,-Dfile.encoding=UTF-8,-Duser.country,-Duser.language=en,-Duser.variant]
07:01:02.611 [DEBUG] [org.gradle.cache.internal.DefaultFileLockManager] Waiting to acquire exclusive lock on daemon addresses registry.
07:01:02.623 [DEBUG] [org.gradle.cache.internal.DefaultFileLockManager] Lock acquired on daemon addresses registry.
07:01:02.662 [DEBUG] [org.gradle.cache.internal.DefaultFileLockManager] Releasing lock on daemon addresses registry.
07:01:02.667 [LIFECYCLE] [org.gradle.launcher.daemon.server.Daemon] Daemon server started.
07:01:02.742 [DEBUG] [org.gradle.launcher.daemon.bootstrap.DaemonStartupCommunication] Completed writing the daemon greeting. Closing streams...
07:01:02.792 [DEBUG] [org.gradle.launcher.daemon.server.Daemon] stopOnExpiration() called on daemon
07:01:02.818 [DEBUG] [org.gradle.launcher.daemon.server.Daemon] awaitExpiration() called on daemon
07:01:02.841 [DEBUG] [org.gradle.internal.remote.internal.inet.TcpIncomingConnector] Accepted connection from /0:0:0:0:0:0:0:1:47206 to /0:0:0:0:0:0:0:1:34557.
07:01:02.841 [DEBUG] [org.gradle.launcher.daemon.server.DaemonStateCoordinator] daemon is running. Sleeping until state changes.
07:01:03.796 [DEBUG] [org.gradle.launcher.daemon.server.SynchronizedDispatchConnection] thread 13: received class org.gradle.launcher.daemon.protocol.Build
07:01:03.800 [DEBUG] [org.gradle.launcher.daemon.server.DefaultDaemonConnection] thread 13: Received non-IO message from client: Build{id=e1316933-cf35-446e-931a-752b508c6f43.1, currentDir=/var/jenkins_home/workspace/Jpet(maven)}
07:01:03.805 [INFO] [org.gradle.launcher.daemon.server.DefaultIncomingConnectionHandler] Received command: Build{id=e1316933-cf35-446e-931a-752b508c6f43.1, currentDir=/var/jenkins_home/workspace/Jpet(maven)}.
07:01:03.817 [DEBUG] [org.gradle.launcher.daemon.server.DefaultIncomingConnectionHandler] Starting executing command: Build{id=e1316933-cf35-446e-931a-752b508c6f43.1, currentDir=/var/jenkins_home/workspace/Jpet(maven)} with connection: socket connection from /0:0:0:0:0:0:0:1:34557 to /0:0:0:0:0:0:0:1:47206.
07:01:03.845 [ERROR] [org.gradle.launcher.daemon.server.DaemonStateCoordinator] Command execution: started DaemonCommandExecution[command = Build{id=e1316933-cf35-446e-931a-752b508c6f43.1, currentDir=/var/jenkins_home/workspace/Jpet(maven)}, connection = DefaultDaemonConnection: socket connection from /0:0:0:0:0:0:0:1:34557 to /0:0:0:0:0:0:0:1:47206] after 0.0 minutes of idle
07:01:03.848 [INFO] [org.gradle.launcher.daemon.server.DaemonRegistryUpdater] Marking the daemon as busy, address: [3e335cbb-3a4e-41ef-b9d2-9232094d811e port:34557, addresses:[/0:0:0:0:0:0:0:1%lo, /127.0.0.1]]
07:01:03.850 [DEBUG] [org.gradle.launcher.daemon.registry.PersistentDaemonRegistry] Marking busy by address: [3e335cbb-3a4e-41ef-b9d2-9232094d811e port:34557, addresses:[/0:0:0:0:0:0:0:1%lo, /127.0.0.1]]
07:01:03.857 [DEBUG] [org.gradle.cache.internal.DefaultFileLockManager] Waiting to acquire exclusive lock on daemon addresses registry.
07:01:03.860 [DEBUG] [org.gradle.cache.internal.DefaultFileLockManager] Lock acquired on daemon addresses registry.
07:01:03.882 [DEBUG] [org.gradle.cache.internal.DefaultFileLockManager] Releasing lock on daemon addresses registry.
07:01:03.886 [DEBUG] [org.gradle.launcher.daemon.server.DaemonStateCoordinator] resetting idle timer
07:01:03.893 [DEBUG] [org.gradle.launcher.daemon.server.DaemonStateCoordinator] daemon is running. Sleeping until state changes.
07:01:03.896 [INFO] [org.gradle.launcher.daemon.server.exec.StartBuildOrRespondWithBusy] Daemon is about to start building Build{id=e1316933-cf35-446e-931a-752b508c6f43.1, currentDir=/var/jenkins_home/workspace/Jpet(maven)}. Dispatching build started information...
07:01:03.898 [DEBUG] [org.gradle.launcher.daemon.server.SynchronizedDispatchConnection] thread 15: dispatching class org.gradle.launcher.daemon.protocol.BuildStarted
07:01:03.985 [DEBUG] [org.gradle.launcher.daemon.server.exec.EstablishBuildEnvironment] Configuring env variables: {PATH=/bin:/bin:/usr/local/sbin:/usr/local/bin:/usr/sbin:/usr/bin:/sbin:/bin, GIT_PREVIOUS_COMMIT=154a9c0e945fe88775173cb68cf30979876b56c0, COPY_REFERENCE_FILE_LOG=/var/jenkins_home/copy_reference_file.log, RUN_DISPLAY_URL=http://192.168.99.100:8088/job/Jpet(maven)/8/display/redirect, HUDSON_HOME=/var/jenkins_home, RUN_CHANGES_DISPLAY_URL=http://192.168.99.100:8088/job/Jpet(maven)/8/display/redirect?page=changes, JOB_URL=http://192.168.99.100:8088/job/Jpet(maven)/, HUDSON_COOKIE=1959a5c2-bd0a-4fb1-b2a0-1f1195f70896, CA_CERTIFICATES_JAVA_VERSION=20161107~bpo8+1, BUILD_ID=8, JENKINS_VERSION=2.32.2, LANG=C.UTF-8, JOB_NAME=Jpet(maven), GRADLE_HOME=/var/jenkins_home/tools/hudson.plugins.gradle.GradleInstallation/G3, GRADLE_USER_HOME=/var/jenkins_home/workspace/Jpet(maven), GIT_PREVIOUS_SUCCESSFUL_COMMIT=154a9c0e945fe88775173cb68cf30979876b56c0, NODE_LABELS=master, HUDSON_URL=http://192.168.99.100:8088/, JENKINS_SERVER_COOKIE=54d26abdedaf0082, WORKSPACE=/var/jenkins_home/workspace/Jpet(maven), JENKINS_SLAVE_AGENT_PORT=50000, TINI_VERSION=0.13.2, PWD=/var/jenkins_home/workspace/Jpet(maven), JAVA_VERSION=8u121, JENKINS_URL=http://192.168.99.100:8088/, GIT_COMMIT=154a9c0e945fe88775173cb68cf30979876b56c0, BUILD_TAG=jenkins-Jpet(maven)-8, EXECUTOR_NUMBER=1, HUDSON_SERVER_COOKIE=54d26abdedaf0082, JENKINS_UC=https://updates.jenkins.io, TINI_SHA=afbf8de8a63ce8e4f18cb3f34dfdbbd354af68a1, JOB_BASE_NAME=Jpet(maven), OLDPWD=/var/jenkins_home/tools/hudson.plugins.gradle.GradleInstallation/G3, JENKINS_HOME=/var/jenkins_home, BUILD_NUMBER=8, NODE_NAME=master, BUILD_DISPLAY_NAME=#8, BUILD_URL=http://192.168.99.100:8088/job/Jpet(maven)/8/, HOSTNAME=7cd1129f0788, JAVA_DEBIAN_VERSION=8u121-b13-1~bpo8+1, JOB_DISPLAY_URL=http://192.168.99.100:8088/job/Jpet(maven)/display/redirect, GIT_BRANCH=origin/master, GIT_URL=https://github.com/AnnuChoudhary/jpet-maven, HOME=/var/jenkins_home, SHLVL=0}
07:01:04.004 [DEBUG] [org.gradle.launcher.daemon.server.SynchronizedDispatchConnection] thread 13: received class org.gradle.launcher.daemon.protocol.CloseInput
07:01:04.017 [DEBUG] [org.gradle.launcher.daemon.server.DefaultDaemonConnection] thread 13: Received IO message from client: org.gradle.launcher.daemon.protocol.CloseInput@d45e4bc
07:01:04.045 [DEBUG] [org.gradle.launcher.daemon.server.exec.LogToClient] About to start relaying all logs to the client via the connection.
07:01:04.047 [INFO] [org.gradle.launcher.daemon.server.exec.LogToClient] The client will now receive all logging from the daemon (pid: 1485). The daemon log file: /var/jenkins_home/workspace/Jpet(maven)/daemon/3.4.1/daemon-1485.out.log
07:01:04.051 [INFO] [org.gradle.launcher.daemon.server.exec.LogAndCheckHealth] Starting build in new daemon [memory: 1.0 GB]
07:01:04.070 [INFO] [org.gradle.launcher.daemon.server.exec.ForwardClientInput] Closing daemon's stdin at end of input.
07:01:04.077 [INFO] [org.gradle.launcher.daemon.server.exec.ForwardClientInput] The daemon will no longer process any standard input.
07:01:04.083 [DEBUG] [org.gradle.launcher.daemon.server.exec.ExecuteBuild] The daemon has started executing the build.
07:01:04.085 [INFO] [org.gradle.launcher.daemon.server.exec.ExecuteBuild] Executing build with daemon context: DefaultDaemonContext[uid=f04a3ad0-1e97-4999-9b51-4ae34f7e173f,javaHome=/usr/lib/jvm/java-8-openjdk-amd64,daemonRegistryDir=/var/jenkins_home/workspace/Jpet(maven)/daemon,pid=1485,idleTimeout=10800000,daemonOpts=-XX:MaxPermSize=256m,-XX:+HeapDumpOnOutOfMemoryError,-Xmx1024m,-Dfile.encoding=UTF-8,-Duser.country,-Duser.language=en,-Duser.variant]
07:01:05.090 [INFO] [org.gradle.cache.internal.DefaultCacheAccess] Creating new cache for fileHashes, path /var/jenkins_home/workspace/Jpet(maven)/caches/3.4.1/fileHashes/fileHashes.bin, access org.gradle.cache.internal.DefaultCacheAccess@72ef604d
07:01:05.245 [DEBUG] [org.gradle.api.internal.changedetection.state.InMemoryTaskArtifactCache] Creating in-memory store for cache /var/jenkins_home/workspace/Jpet(maven)/caches/3.4.1/fileHashes/fileHashes.bin (max size: 441500)
07:01:05.280 [DEBUG] [org.gradle.cache.internal.LockOnDemandCrossProcessCacheAccess] Acquiring file lock for file hash cache (/var/jenkins_home/workspace/Jpet(maven)/caches/3.4.1/fileHashes)
07:01:05.297 [DEBUG] [org.gradle.cache.internal.DefaultFileLockManager] Waiting to acquire exclusive lock on file hash cache (/var/jenkins_home/workspace/Jpet(maven)/caches/3.4.1/fileHashes).
07:01:05.304 [DEBUG] [org.gradle.cache.internal.DefaultFileLockManager] Lock acquired on file hash cache (/var/jenkins_home/workspace/Jpet(maven)/caches/3.4.1/fileHashes).
07:01:05.312 [DEBUG] [org.gradle.cache.internal.locklistener.DefaultFileLockContentionHandler] Starting file lock listener thread.
07:01:05.989 [INFO] [org.gradle.cache.internal.DefaultCacheAccess] Creating new cache for plugin-use-metadata, path /var/jenkins_home/workspace/Jpet(maven)/caches/3.4.1/plugin-resolution/plugin-use-metadata.bin, access org.gradle.cache.internal.DefaultCacheAccess@2268118a
07:01:05.999 [INFO] [org.gradle.cache.internal.DefaultCacheAccess] Creating new cache for client-status, path /var/jenkins_home/workspace/Jpet(maven)/caches/3.4.1/plugin-resolution/client-status.bin, access org.gradle.cache.internal.DefaultCacheAccess@2268118a
:wrapper
:init
Maven to Gradle conversion is an incubating feature.

BUILD SUCCESSFUL

Total time: 38.526 secs
07:01:22.679 [DEBUG] [org.gradle.cache.internal.LockOnDemandCrossProcessCacheAccess] Releasing file lock for task history cache (/var/jenkins_home/workspace/Jpet(maven)/.gradle/3.4.1/taskHistory)
07:01:22.692 [DEBUG] [org.gradle.cache.internal.btree.BTreePersistentIndexedCache] Closing cache taskHistory.bin (/var/jenkins_home/workspace/Jpet(maven)/.gradle/3.4.1/taskHistory/taskHistory.bin)
07:01:22.710 [DEBUG] [org.gradle.cache.internal.btree.BTreePersistentIndexedCache] Closing cache fileHashes.bin (/var/jenkins_home/workspace/Jpet(maven)/.gradle/3.4.1/taskHistory/fileHashes.bin)
07:01:22.714 [DEBUG] [org.gradle.cache.internal.btree.BTreePersistentIndexedCache] Closing cache fileSnapshots.bin (/var/jenkins_home/workspace/Jpet(maven)/.gradle/3.4.1/taskHistory/fileSnapshots.bin)
07:01:22.726 [DEBUG] [org.gradle.cache.internal.DefaultFileLockManager] Releasing lock on task history cache (/var/jenkins_home/workspace/Jpet(maven)/.gradle/3.4.1/taskHistory).
07:01:22.735 [DEBUG] [org.gradle.cache.internal.DefaultCacheAccess] Cache Plugin Resolution Cache (/var/jenkins_home/workspace/Jpet(maven)/caches/3.4.1/plugin-resolution) was closed 0 times.
07:01:22.741 [DEBUG] [org.gradle.deployment.internal.DefaultDeploymentRegistry] Stopping 0 deployment handles
07:01:22.746 [DEBUG] [org.gradle.deployment.internal.DefaultDeploymentRegistry] Stopped deployment handles
07:01:22.751 [DEBUG] [org.gradle.launcher.daemon.server.exec.ExecuteBuild] The daemon has finished executing the build.
07:01:22.846 [DEBUG] [org.gradle.launcher.daemon.server.Daemon] DaemonExpirationPeriodicCheck running
07:01:22.894 [DEBUG] [org.gradle.cache.internal.DefaultFileLockManager] Waiting to acquire shared lock on daemon addresses registry.
07:01:22.896 [DEBUG] [org.gradle.cache.internal.DefaultFileLockManager] Lock acquired on daemon addresses registry.
07:01:22.906 [DEBUG] [org.gradle.launcher.daemon.server.DaemonStateCoordinator] daemon is running. Sleeping until state changes.
07:01:22.977 [DEBUG] [org.gradle.cache.internal.DefaultFileLockManager] Releasing lock on daemon addresses registry.
07:01:22.978 [DEBUG] [org.gradle.launcher.daemon.server.DaemonStateCoordinator] Command execution: finished waiting for DaemonCommandExecution[command = Build{id=e1316933-cf35-446e-931a-752b508c6f43.1, currentDir=/var/jenkins_home/workspace/Jpet(maven)}, connection = DefaultDaemonConnection: socket connection from /0:0:0:0:0:0:0:1:34557 to /0:0:0:0:0:0:0:1:47206]. Result org.gradle.launcher.daemon.server.DaemonStateCoordinator@32bcbcf0 with state Busy
07:01:22.981 [DEBUG] [org.gradle.launcher.daemon.server.DaemonStateCoordinator] Command execution: completed DaemonCommandExecution[command = Build{id=e1316933-cf35-446e-931a-752b508c6f43.1, currentDir=/var/jenkins_home/workspace/Jpet(maven)}, connection = DefaultDaemonConnection: socket connection from /0:0:0:0:0:0:0:1:34557 to /0:0:0:0:0:0:0:1:47206]
07:01:22.982 [DEBUG] [org.gradle.launcher.daemon.server.DaemonStateCoordinator] resetting idle timer
07:01:22.983 [INFO] [org.gradle.launcher.daemon.server.DaemonRegistryUpdater] Marking the daemon as idle, address: [3e335cbb-3a4e-41ef-b9d2-9232094d811e port:34557, addresses:[/0:0:0:0:0:0:0:1%lo, /127.0.0.1]]
07:01:22.985 [DEBUG] [org.gradle.launcher.daemon.registry.PersistentDaemonRegistry] Marking busy by address: [3e335cbb-3a4e-41ef-b9d2-9232094d811e port:34557, addresses:[/0:0:0:0:0:0:0:1%lo, /127.0.0.1]]
07:01:22.989 [DEBUG] [org.gradle.cache.internal.DefaultFileLockManager] Waiting to acquire exclusive lock on daemon addresses registry.
07:01:22.993 [DEBUG] [org.gradle.cache.internal.DefaultFileLockManager] Lock acquired on daemon addresses registry.
07:01:23.004 [DEBUG] [org.gradle.cache.internal.DefaultFileLockManager] Releasing lock on daemon addresses registry.
07:01:23.007 [DEBUG] [org.gradle.launcher.daemon.server.DaemonStateCoordinator] daemon is running. Sleeping until state changes.
07:01:23.009 [DEBUG] [org.gradle.launcher.daemon.server.exec.ReturnResult] Daemon is dispatching the build result: Success[value=null]
07:01:23.011 [DEBUG] [org.gradle.launcher.daemon.server.SynchronizedDispatchConnection] thread 12: dispatching class org.gradle.launcher.daemon.protocol.Success
07:01:23.012 [DEBUG] [org.gradle.cache.internal.DefaultFileLockManager] Waiting to acquire shared lock on daemon addresses registry.
07:01:23.015 [DEBUG] [org.gradle.cache.internal.DefaultFileLockManager] Lock acquired on daemon addresses registry.
07:01:23.027 [DEBUG] [org.gradle.cache.internal.DefaultFileLockManager] Releasing lock on daemon addresses registry.
07:01:23.036 [DEBUG] [org.gradle.launcher.daemon.server.DefaultIncomingConnectionHandler] Finishing executing command: Build{id=e1316933-cf35-446e-931a-752b508c6f43.1, currentDir=/var/jenkins_home/workspace/Jpet(maven)}
07:01:23.049 [DEBUG] [org.gradle.launcher.daemon.server.SynchronizedDispatchConnection] thread 13: received class org.gradle.launcher.daemon.protocol.Finished
07:01:23.056 [DEBUG] [org.gradle.launcher.daemon.server.DefaultDaemonConnection] thread 13: Received non-IO message from client: org.gradle.launcher.daemon.protocol.Finished@624439c8
07:01:23.066 [DEBUG] [org.gradle.launcher.daemon.server.DefaultIncomingConnectionHandler] Received finished message: org.gradle.launcher.daemon.protocol.Finished@624439c8
07:01:23.069 [DEBUG] [org.gradle.launcher.daemon.server.SynchronizedDispatchConnection] thread 12: stopping connection
07:01:23.079 [DEBUG] [org.gradle.internal.remote.internal.inet.SocketConnection] Discarding EOFException: java.io.EOFException
07:01:23.081 [DEBUG] [org.gradle.launcher.daemon.server.SynchronizedDispatchConnection] thread 13: received null
07:01:23.083 [DEBUG] [org.gradle.launcher.daemon.server.DefaultDaemonConnection] thread 13: Received end-of-input from client.
07:01:23.084 [DEBUG] [org.gradle.launcher.daemon.server.SynchronizedDispatchConnection] thread 12: stopping connection
Daemon vm is shutting down... The daemon has exited normally or was terminated in response to a user interrupt.
07:01:23.522 [DEBUG] [org.gradle.launcher.daemon.registry.PersistentDaemonRegistry] Removing daemon address: [3e335cbb-3a4e-41ef-b9d2-9232094d811e port:34557, addresses:[/0:0:0:0:0:0:0:1%lo, /127.0.0.1]]
07:01:23.543 [DEBUG] [org.gradle.cache.internal.DefaultFileLockManager] Waiting to acquire exclusive lock on daemon addresses registry.
07:01:23.555 [DEBUG] [org.gradle.cache.internal.DefaultFileLockManager] Lock acquired on daemon addresses registry.
07:01:23.579 [DEBUG] [org.gradle.cache.internal.DefaultFileLockManager] Releasing lock on daemon addresses registry.
